<?xml version="1.0" encoding="UTF-8"?>
<testsuite name="org.ac.RegisterTest" tests="1" skipped="0" failures="1" errors="0" timestamp="2026-02-26T12:39:27" hostname="FCT-PC1296" time="0.016">
  <properties/>
  <testcase name="set()" classname="org.ac.RegisterTest" time="0.016">
    <failure message="org.opentest4j.AssertionFailedError: expected: &lt;1111 1111&gt; but was: &lt;0111 1111&gt;" type="org.opentest4j.AssertionFailedError">org.opentest4j.AssertionFailedError: expected: &lt;1111 1111&gt; but was: &lt;0111 1111&gt;
	at app//org.junit.jupiter.api.AssertionFailureBuilder.build(AssertionFailureBuilder.java:151)
	at app//org.junit.jupiter.api.AssertionFailureBuilder.buildAndThrow(AssertionFailureBuilder.java:132)
	at app//org.junit.jupiter.api.AssertEquals.failNotEqual(AssertEquals.java:197)
	at app//org.junit.jupiter.api.AssertEquals.assertEquals(AssertEquals.java:182)
	at app//org.junit.jupiter.api.AssertEquals.assertEquals(AssertEquals.java:177)
	at app//org.junit.jupiter.api.Assertions.assertEquals(Assertions.java:1141)
	at app//org.ac.Asserts.assertRegister(Asserts.java:13)
	at app//org.ac.Asserts.assertSet(Asserts.java:30)
	at app//org.ac.RegisterTest.set(RegisterTest.java:31)
	at java.base@21.0.4/java.lang.reflect.Method.invoke(Method.java:580)
	at java.base@21.0.4/java.util.ArrayList.forEach(ArrayList.java:1596)
	at java.base@21.0.4/java.util.ArrayList.forEach(ArrayList.java:1596)
</failure>
  </testcase>
  <system-out><![CDATA[]]></system-out>
  <system-err><![CDATA[]]></system-err>
</testsuite>
